#-----------------------------------------------------------
# Vivado v2020.1 (64-bit)
# SW Build 2902540 on Wed May 27 19:54:49 MDT 2020
# IP Build 2902112 on Wed May 27 22:43:36 MDT 2020
# Start of session at: Mon Apr 22 09:03:46 2024
# Process ID: 15364
# Current directory: C:/Users/mi08440/OneDrive - Habib University/Semester 4/CA/Project/Pipelined Processor
# Command line: vivado.exe -gui_launcher_event rodinguilauncherevent25152 C:\Users\mi08440\OneDrive - Habib University\Semester 4\CA\Project\Pipelined Processor\Pipelined Processor.xpr
# Log file: C:/Users/mi08440/OneDrive - Habib University/Semester 4/CA/Project/Pipelined Processor/vivado.log
# Journal file: C:/Users/mi08440/OneDrive - Habib University/Semester 4/CA/Project/Pipelined Processor\vivado.jou
#-----------------------------------------------------------
start_gui
open_project {C:/Users/mi08440/OneDrive - Habib University/Semester 4/CA/Project/Pipelined Processor/Pipelined Processor.xpr}
INFO: [ProjectBase 1-489] The host OS only allows 260 characters in a normal path. The project is stored in a path with more than 80 characters. If you experience issues with IP, Block Designs, or files not being found, please consider moving the project to a location with a shorter path. Alternately consider using the OS subst command to map part of the path to a drive letter.
Current project path is 'C:/Users/mi08440/OneDrive - Habib University/Semester 4/CA/Project/Pipelined Processor'
INFO: [Project 1-313] Project file moved from 'D:/OneDrive - Habib University/Semester 4/CA/Project/Pipelined Processor' since last save.
Scanning sources...
Finished scanning sources
INFO: [IP_Flow 19-234] Refreshing IP repositories
INFO: [IP_Flow 19-1704] No user IP repositories specified
INFO: [IP_Flow 19-2313] Loaded Vivado IP repository 'C:/Xilinx/Vivado/2020.1/data/ip'.
open_project: Time (s): cpu = 00:00:12 ; elapsed = 00:00:08 . Memory (MB): peak = 1028.016 ; gain = 0.000
update_compile_order -fileset sources_1
close [ open {C:/Users/mi08440/OneDrive - Habib University/Semester 4/CA/Project/Pipelined Processor/Pipelined Processor.srcs/sources_1/new/MEM_WB.v} w ]
add_files {{C:/Users/mi08440/OneDrive - Habib University/Semester 4/CA/Project/Pipelined Processor/Pipelined Processor.srcs/sources_1/new/MEM_WB.v}}
update_compile_order -fileset sources_1
close [ open {C:/Users/mi08440/OneDrive - Habib University/Semester 4/CA/Project/Pipelined Processor/Pipelined Processor.srcs/sources_1/new/IF_ID.v} w ]
add_files {{C:/Users/mi08440/OneDrive - Habib University/Semester 4/CA/Project/Pipelined Processor/Pipelined Processor.srcs/sources_1/new/IF_ID.v}}
update_compile_order -fileset sources_1
close [ open {C:/Users/mi08440/OneDrive - Habib University/Semester 4/CA/Project/Pipelined Processor/Pipelined Processor.srcs/sources_1/new/ID_EX.v} w ]
add_files {{C:/Users/mi08440/OneDrive - Habib University/Semester 4/CA/Project/Pipelined Processor/Pipelined Processor.srcs/sources_1/new/ID_EX.v}}
update_compile_order -fileset sources_1
exit
INFO: [Common 17-206] Exiting Vivado at Mon Apr 22 13:09:37 2024...
