#-----------------------------------------------------------
# Vivado v2020.1 (64-bit)
# SW Build 2902540 on Wed May 27 19:54:49 MDT 2020
# IP Build 2902112 on Wed May 27 22:43:36 MDT 2020
# Start of session at: Fri Apr 26 03:06:43 2024
# Process ID: 18048
# Current directory: D:/OneDrive - Habib University/Semester 4/CA/Pipelined Processor Till LoadUse Hazard2
# Command line: vivado.exe -gui_launcher_event rodinguilauncherevent3048 D:\OneDrive - Habib University\Semester 4\CA\Pipelined Processor Till LoadUse Hazard2\Pipelined Processor.xpr
# Log file: D:/OneDrive - Habib University/Semester 4/CA/Pipelined Processor Till LoadUse Hazard2/vivado.log
# Journal file: D:/OneDrive - Habib University/Semester 4/CA/Pipelined Processor Till LoadUse Hazard2\vivado.jou
#-----------------------------------------------------------
start_gui
open_project {D:/OneDrive - Habib University/Semester 4/CA/Pipelined Processor Till LoadUse Hazard2/Pipelined Processor.xpr}
INFO: [ProjectBase 1-489] The host OS only allows 260 characters in a normal path. The project is stored in a path with more than 80 characters. If you experience issues with IP, Block Designs, or files not being found, please consider moving the project to a location with a shorter path. Alternately consider using the OS subst command to map part of the path to a drive letter.
Current project path is 'D:/OneDrive - Habib University/Semester 4/CA/Pipelined Processor Till LoadUse Hazard2'
INFO: [Project 1-313] Project file moved from 'D:/OneDrive - Habib University/Semester 4/CA/Project/Pipelined Processor' since last save.
Scanning sources...
Finished scanning sources
INFO: [IP_Flow 19-234] Refreshing IP repositories
INFO: [IP_Flow 19-1704] No user IP repositories specified
INFO: [IP_Flow 19-2313] Loaded Vivado IP repository 'D:/Vivado/Vivado/2020.1/data/ip'.
open_project: Time (s): cpu = 00:00:45 ; elapsed = 00:00:36 . Memory (MB): peak = 1010.031 ; gain = 0.000
update_compile_order -fileset sources_1
exit
INFO: [Common 17-206] Exiting Vivado at Fri Apr 26 03:26:06 2024...
